0 verbose cli C:\Program Files\nodejs\node.exe C:\Program Files\nodejs\node_modules\npm\bin\npm-cli.js
1 info using npm@10.9.2
2 info using node@v22.13.1
3 silly config load:file:C:\Program Files\nodejs\node_modules\npm\npmrc
4 silly config load:file:C:\Users\jonat\Showrooms\exhibitxr\.npmrc
5 silly config load:file:C:\Users\jonat\.npmrc
6 silly config load:file:C:\Users\jonat\AppData\Roaming\npm\etc\npmrc
7 verbose title npm exec playwright-cli -s=snap-e2e open http://localhost:3000
8 verbose argv "exec" "--yes" "--package" "@playwright/cli" "--" "playwright-cli" "-s=snap-e2e" "open" "http://localhost:3000"
9 verbose logfile logs-max:10 dir:C:\Users\jonat\Showrooms\exhibitxr\.npm-cache\_logs\2026-02-25T21_28_45_620Z-
10 verbose logfile C:\Users\jonat\Showrooms\exhibitxr\.npm-cache\_logs\2026-02-25T21_28_45_620Z-debug-0.log
11 silly logfile done cleaning log files
12 silly packumentCache heap:4345298944 maxSize:1086324736 maxEntrySize:543162368
13 http fetch GET 200 https://registry.npmjs.org/@playwright%2fcli 176ms (cache revalidated)
14 silly packumentCache heap:4345298944 maxSize:1086324736 maxEntrySize:543162368
15 verbose cwd C:\Users\jonat\Showrooms\exhibitxr
16 verbose os Windows_NT 10.0.26100
17 verbose node v22.13.1
18 verbose npm  v10.9.2
19 verbose exit 1
20 verbose code 1
